<?xml version="1.0" encoding="UTF-8"?>
<!-- Generated by org.testng.reporters.JUnitReportReporter -->
<testsuite hostname="DESKTOP-O3V2NEI" failures="0" tests="1" name="com.qa.contiq.tests.HomePageTest" time="3.555" errors="0" timestamp="24 Jan 2021 13:23:41 GMT" skipped="0">
  <testcase classname="com.qa.contiq.tests.HomePageTest" name="doClickNewOpportunityTest" time="3.555"/>
</testsuite> <!-- com.qa.contiq.tests.HomePageTest -->
